This file contains any messages produced by compilers while
running configure, to aid debugging if configure makes a mistake.

It was created by configure, which was
generated by GNU Autoconf 2.65.  Invocation command line was

  $ ./configure 

## --------- ##
## Platform. ##
## --------- ##

hostname = Zuras-MacBook-Pro.local
uname -m = x86_64
uname -r = 14.0.0
uname -s = Darwin
uname -v = Darwin Kernel Version 14.0.0: Fri Sep 19 00:26:44 PDT 2014; root:xnu-2782.1.97~2/RELEASE_X86_64

/usr/bin/uname -p = i386
/bin/uname -X     = unknown

/bin/arch              = unknown
/usr/bin/arch -k       = unknown
/usr/convex/getsysinfo = unknown
/usr/bin/hostinfo      = Mach kernel version:
	 Darwin Kernel Version 14.0.0: Fri Sep 19 00:26:44 PDT 2014; root:xnu-2782.1.97~2/RELEASE_X86_64
Kernel configured for up to 4 processors.
4 processors are physically available.
4 processors are logically available.
Processor type: i486 (Intel 80486)
Processors active: 0 1 2 3
Primary memory available: 8.00 gigabytes
Default processor set: 239 tasks, 912 threads, 4 processors
Load average: 3.16, Mach factor: 1.26
/bin/machine           = unknown
/usr/bin/oslevel       = unknown
/bin/universe          = unknown

PATH: /usr/local/bin
PATH: /usr/bin
PATH: /bin
PATH: /usr/sbin
PATH: /sbin


## ----------- ##
## Core tests. ##
## ----------- ##

configure:2036: checking for gcc
configure:2052: found /usr/bin/gcc
configure:2063: result: gcc
configure:2292: checking for C compiler version
configure:2301: gcc --version >&5
Apple LLVM version 6.0 (clang-600.0.56) (based on LLVM 3.5svn)
Target: x86_64-apple-darwin14.0.0
Thread model: posix
Configured with: --prefix=/Applications/Xcode.app/Contents/Developer/usr --with-gxx-include-dir=/usr/include/c++/4.2.1
configure:2312: $? = 0
configure:2301: gcc -v >&5
Configured with: --prefix=/Applications/Xcode.app/Contents/Developer/usr --with-gxx-include-dir=/usr/include/c++/4.2.1
Apple LLVM version 6.0 (clang-600.0.56) (based on LLVM 3.5svn)
Target: x86_64-apple-darwin14.0.0
Thread model: posix
configure:2312: $? = 0
configure:2301: gcc -V >&5
clang: error: argument to '-V' is missing (expected 1 value)
clang: error: no input files
configure:2312: $? = 1
configure:2301: gcc -qversion >&5
clang: error: unknown argument: '-qversion'
clang: error: no input files
configure:2312: $? = 1
configure:2332: checking whether the C compiler works
configure:2354: gcc    conftest.c  >&5
configure:2358: $? = 0
configure:2407: result: yes
configure:2410: checking for C compiler default output file name
configure:2412: result: a.out
configure:2418: checking for suffix of executables
configure:2425: gcc -o conftest    conftest.c  >&5
configure:2429: $? = 0
configure:2451: result: 
configure:2473: checking whether we are cross compiling
configure:2481: gcc -o conftest    conftest.c  >&5
configure:2485: $? = 0
configure:2492: ./conftest
configure:2496: $? = 0
configure:2511: result: no
configure:2516: checking for suffix of object files
configure:2538: gcc -c   conftest.c >&5
configure:2542: $? = 0
configure:2563: result: o
configure:2567: checking whether we are using the GNU C compiler
configure:2586: gcc -c   conftest.c >&5
configure:2586: $? = 0
configure:2595: result: yes
configure:2604: checking whether gcc accepts -g
configure:2624: gcc -c -g  conftest.c >&5
configure:2624: $? = 0
configure:2665: result: yes
configure:2682: checking for gcc option to accept ISO C89
configure:2746: gcc  -c -g -O2  conftest.c >&5
configure:2746: $? = 0
configure:2759: result: none needed
configure:2816: checking for a BSD-compatible install
configure:2884: result: /usr/bin/install -c
configure:2902: checking how to run the C preprocessor
configure:2933: gcc -E  conftest.c
configure:2933: $? = 0
configure:2947: gcc -E  conftest.c
conftest.c:9:10: fatal error: 'ac_nonexistent.h' file not found
#include <ac_nonexistent.h>
         ^
1 error generated.
configure:2947: $? = 1
configure: failed program was:
| /* confdefs.h */
| #define PACKAGE_NAME ""
| #define PACKAGE_TARNAME ""
| #define PACKAGE_VERSION ""
| #define PACKAGE_STRING ""
| #define PACKAGE_BUGREPORT ""
| #define PACKAGE_URL ""
| /* end confdefs.h.  */
| #include <ac_nonexistent.h>
configure:2972: result: gcc -E
configure:2992: gcc -E  conftest.c
configure:2992: $? = 0
configure:3006: gcc -E  conftest.c
conftest.c:9:10: fatal error: 'ac_nonexistent.h' file not found
#include <ac_nonexistent.h>
         ^
1 error generated.
configure:3006: $? = 1
configure: failed program was:
| /* confdefs.h */
| #define PACKAGE_NAME ""
| #define PACKAGE_TARNAME ""
| #define PACKAGE_VERSION ""
| #define PACKAGE_STRING ""
| #define PACKAGE_BUGREPORT ""
| #define PACKAGE_URL ""
| /* end confdefs.h.  */
| #include <ac_nonexistent.h>
configure:3035: checking for grep that handles long lines and -e
configure:3093: result: /usr/bin/grep
configure:3098: checking for egrep
configure:3160: result: /usr/bin/grep -E
configure:3165: checking for ANSI C header files
configure:3185: gcc -c -g -O2  conftest.c >&5
configure:3185: $? = 0
configure:3258: gcc -o conftest -g -O2   conftest.c  >&5
configure:3258: $? = 0
configure:3258: ./conftest
configure:3258: $? = 0
configure:3269: result: yes
configure:3282: checking for sys/types.h
configure:3282: gcc -c -g -O2  conftest.c >&5
configure:3282: $? = 0
configure:3282: result: yes
configure:3282: checking for sys/stat.h
configure:3282: gcc -c -g -O2  conftest.c >&5
configure:3282: $? = 0
configure:3282: result: yes
configure:3282: checking for stdlib.h
configure:3282: gcc -c -g -O2  conftest.c >&5
configure:3282: $? = 0
configure:3282: result: yes
configure:3282: checking for string.h
configure:3282: gcc -c -g -O2  conftest.c >&5
configure:3282: $? = 0
configure:3282: result: yes
configure:3282: checking for memory.h
configure:3282: gcc -c -g -O2  conftest.c >&5
configure:3282: $? = 0
configure:3282: result: yes
configure:3282: checking for strings.h
configure:3282: gcc -c -g -O2  conftest.c >&5
configure:3282: $? = 0
configure:3282: result: yes
configure:3282: checking for inttypes.h
configure:3282: gcc -c -g -O2  conftest.c >&5
configure:3282: $? = 0
configure:3282: result: yes
configure:3282: checking for stdint.h
configure:3282: gcc -c -g -O2  conftest.c >&5
configure:3282: $? = 0
configure:3282: result: yes
configure:3282: checking for unistd.h
configure:3282: gcc -c -g -O2  conftest.c >&5
configure:3282: $? = 0
configure:3282: result: yes
configure:3298: checking gd.h usability
configure:3298: gcc -c -g -O2  conftest.c >&5
configure:3298: $? = 0
configure:3298: result: yes
configure:3298: checking gd.h presence
configure:3298: gcc -E  conftest.c
configure:3298: $? = 0
configure:3298: result: yes
configure:3298: checking for gd.h
configure:3298: result: yes
configure:3298: checking png.h usability
configure:3298: gcc -c -g -O2  conftest.c >&5
configure:3298: $? = 0
configure:3298: result: yes
configure:3298: checking png.h presence
configure:3298: gcc -E  conftest.c
configure:3298: $? = 0
configure:3298: result: yes
configure:3298: checking for png.h
configure:3298: result: yes
configure:3298: checking gif_lib.h usability
configure:3298: gcc -c -g -O2  conftest.c >&5
conftest.c:54:10: fatal error: 'gif_lib.h' file not found
#include <gif_lib.h>
         ^
1 error generated.
configure:3298: $? = 1
configure: failed program was:
| /* confdefs.h */
| #define PACKAGE_NAME ""
| #define PACKAGE_TARNAME ""
| #define PACKAGE_VERSION ""
| #define PACKAGE_STRING ""
| #define PACKAGE_BUGREPORT ""
| #define PACKAGE_URL ""
| #define STDC_HEADERS 1
| #define HAVE_SYS_TYPES_H 1
| #define HAVE_SYS_STAT_H 1
| #define HAVE_STDLIB_H 1
| #define HAVE_STRING_H 1
| #define HAVE_MEMORY_H 1
| #define HAVE_STRINGS_H 1
| #define HAVE_INTTYPES_H 1
| #define HAVE_STDINT_H 1
| #define HAVE_UNISTD_H 1
| #define HAVE_GD_H 1
| #define HAVE_PNG_H 1
| /* end confdefs.h.  */
| #include <stdio.h>
| #ifdef HAVE_SYS_TYPES_H
| # include <sys/types.h>
| #endif
| #ifdef HAVE_SYS_STAT_H
| # include <sys/stat.h>
| #endif
| #ifdef STDC_HEADERS
| # include <stdlib.h>
| # include <stddef.h>
| #else
| # ifdef HAVE_STDLIB_H
| #  include <stdlib.h>
| # endif
| #endif
| #ifdef HAVE_STRING_H
| # if !defined STDC_HEADERS && defined HAVE_MEMORY_H
| #  include <memory.h>
| # endif
| # include <string.h>
| #endif
| #ifdef HAVE_STRINGS_H
| # include <strings.h>
| #endif
| #ifdef HAVE_INTTYPES_H
| # include <inttypes.h>
| #endif
| #ifdef HAVE_STDINT_H
| # include <stdint.h>
| #endif
| #ifdef HAVE_UNISTD_H
| # include <unistd.h>
| #endif
| #include <gif_lib.h>
configure:3298: result: no
configure:3298: checking gif_lib.h presence
configure:3298: gcc -E  conftest.c
conftest.c:21:10: fatal error: 'gif_lib.h' file not found
#include <gif_lib.h>
         ^
1 error generated.
configure:3298: $? = 1
configure: failed program was:
| /* confdefs.h */
| #define PACKAGE_NAME ""
| #define PACKAGE_TARNAME ""
| #define PACKAGE_VERSION ""
| #define PACKAGE_STRING ""
| #define PACKAGE_BUGREPORT ""
| #define PACKAGE_URL ""
| #define STDC_HEADERS 1
| #define HAVE_SYS_TYPES_H 1
| #define HAVE_SYS_STAT_H 1
| #define HAVE_STDLIB_H 1
| #define HAVE_STRING_H 1
| #define HAVE_MEMORY_H 1
| #define HAVE_STRINGS_H 1
| #define HAVE_INTTYPES_H 1
| #define HAVE_STDINT_H 1
| #define HAVE_UNISTD_H 1
| #define HAVE_GD_H 1
| #define HAVE_PNG_H 1
| /* end confdefs.h.  */
| #include <gif_lib.h>
configure:3298: result: no
configure:3298: checking for gif_lib.h
configure:3298: result: no
configure:3309: checking for main in -lgd
configure:3328: gcc -o conftest -g -O2   conftest.c -lgd   >&5
configure:3328: $? = 0
configure:3337: result: yes
configure:3343: checking for main in -lpng
configure:3362: gcc -o conftest -g -O2   conftest.c -lpng   -lgd >&5
configure:3362: $? = 0
configure:3371: result: yes
configure:3377: checking for main in -lgif
configure:3396: gcc -o conftest -g -O2   conftest.c -lgif   -lgd -lpng >&5
ld: library not found for -lgif
clang: error: linker command failed with exit code 1 (use -v to see invocation)
configure:3396: $? = 1
configure: failed program was:
| /* confdefs.h */
| #define PACKAGE_NAME ""
| #define PACKAGE_TARNAME ""
| #define PACKAGE_VERSION ""
| #define PACKAGE_STRING ""
| #define PACKAGE_BUGREPORT ""
| #define PACKAGE_URL ""
| #define STDC_HEADERS 1
| #define HAVE_SYS_TYPES_H 1
| #define HAVE_SYS_STAT_H 1
| #define HAVE_STDLIB_H 1
| #define HAVE_STRING_H 1
| #define HAVE_MEMORY_H 1
| #define HAVE_STRINGS_H 1
| #define HAVE_INTTYPES_H 1
| #define HAVE_STDINT_H 1
| #define HAVE_UNISTD_H 1
| #define HAVE_GD_H 1
| #define HAVE_PNG_H 1
| /* end confdefs.h.  */
| 
| 
| int
| main ()
| {
| return main ();
|   ;
|   return 0;
| }
configure:3405: result: no
configure:3411: checking for main in -lz
configure:3430: gcc -o conftest -g -O2   conftest.c -lz   -lgd -lpng >&5
configure:3430: $? = 0
configure:3439: result: yes
configure:3445: checking for main in -lm
configure:3464: gcc -o conftest -g -O2   conftest.c -lm   -lgd -lpng -lz >&5
configure:3464: $? = 0
configure:3473: result: yes
configure:3587: creating ./config.status

## ---------------------- ##
## Running config.status. ##
## ---------------------- ##

This file was extended by config.status, which was
generated by GNU Autoconf 2.65.  Invocation command line was

  CONFIG_FILES    = 
  CONFIG_HEADERS  = 
  CONFIG_LINKS    = 
  CONFIG_COMMANDS = 
  $ ./config.status 

on Zuras-MacBook-Pro.local

config.status:806: creating Makefile
config.status:806: creating config.h

## ---------------- ##
## Cache variables. ##
## ---------------- ##

ac_cv_c_compiler_gnu=yes
ac_cv_env_CC_set=
ac_cv_env_CC_value=
ac_cv_env_CFLAGS_set=
ac_cv_env_CFLAGS_value=
ac_cv_env_CPPFLAGS_set=
ac_cv_env_CPPFLAGS_value=
ac_cv_env_CPP_set=
ac_cv_env_CPP_value=
ac_cv_env_LDFLAGS_set=
ac_cv_env_LDFLAGS_value=
ac_cv_env_LIBS_set=
ac_cv_env_LIBS_value=
ac_cv_env_build_alias_set=
ac_cv_env_build_alias_value=
ac_cv_env_host_alias_set=
ac_cv_env_host_alias_value=
ac_cv_env_target_alias_set=
ac_cv_env_target_alias_value=
ac_cv_header_gd_h=yes
ac_cv_header_gif_lib_h=no
ac_cv_header_inttypes_h=yes
ac_cv_header_memory_h=yes
ac_cv_header_png_h=yes
ac_cv_header_stdc=yes
ac_cv_header_stdint_h=yes
ac_cv_header_stdlib_h=yes
ac_cv_header_string_h=yes
ac_cv_header_strings_h=yes
ac_cv_header_sys_stat_h=yes
ac_cv_header_sys_types_h=yes
ac_cv_header_unistd_h=yes
ac_cv_lib_gd_main=yes
ac_cv_lib_gif_main=no
ac_cv_lib_m_main=yes
ac_cv_lib_png_main=yes
ac_cv_lib_z_main=yes
ac_cv_objext=o
ac_cv_path_EGREP='/usr/bin/grep -E'
ac_cv_path_GREP=/usr/bin/grep
ac_cv_path_install='/usr/bin/install -c'
ac_cv_prog_CPP='gcc -E'
ac_cv_prog_ac_ct_CC=gcc
ac_cv_prog_cc_c89=
ac_cv_prog_cc_g=yes

## ----------------- ##
## Output variables. ##
## ----------------- ##

CC='gcc'
CFLAGS='-g -O2'
CPP='gcc -E'
CPPFLAGS=''
DEFS='-DHAVE_CONFIG_H'
ECHO_C='\c'
ECHO_N=''
ECHO_T=''
EGREP='/usr/bin/grep -E'
EXEEXT=''
GREP='/usr/bin/grep'
INSTALL_DATA='${INSTALL} -m 644'
INSTALL_PROGRAM='${INSTALL}'
INSTALL_SCRIPT='${INSTALL}'
LDFLAGS=''
LIBOBJS=''
LIBS=' -lgd -lpng -lz -lm'
LTLIBOBJS=''
OBJEXT='o'
PACKAGE_BUGREPORT=''
PACKAGE_NAME=''
PACKAGE_STRING=''
PACKAGE_TARNAME=''
PACKAGE_URL=''
PACKAGE_VERSION=''
PATH_SEPARATOR=':'
SHELL='/bin/sh'
ac_ct_CC='gcc'
bindir='${exec_prefix}/bin'
build_alias=''
datadir='${datarootdir}'
datarootdir='${prefix}/share'
docdir='${datarootdir}/doc/${PACKAGE}'
dvidir='${docdir}'
exec_prefix='${prefix}'
host_alias=''
htmldir='${docdir}'
includedir='${prefix}/include'
infodir='${datarootdir}/info'
libdir='${exec_prefix}/lib'
libexecdir='${exec_prefix}/libexec'
localedir='${datarootdir}/locale'
localstatedir='${prefix}/var'
mandir='${datarootdir}/man'
oldincludedir='/usr/include'
pdfdir='${docdir}'
prefix='/usr/local'
program_transform_name='s,x,x,'
psdir='${docdir}'
sbindir='${exec_prefix}/sbin'
sharedstatedir='${prefix}/com'
sysconfdir='${prefix}/etc'
target_alias=''

## ----------- ##
## confdefs.h. ##
## ----------- ##

/* confdefs.h */
#define PACKAGE_NAME ""
#define PACKAGE_TARNAME ""
#define PACKAGE_VERSION ""
#define PACKAGE_STRING ""
#define PACKAGE_BUGREPORT ""
#define PACKAGE_URL ""
#define STDC_HEADERS 1
#define HAVE_SYS_TYPES_H 1
#define HAVE_SYS_STAT_H 1
#define HAVE_STDLIB_H 1
#define HAVE_STRING_H 1
#define HAVE_MEMORY_H 1
#define HAVE_STRINGS_H 1
#define HAVE_INTTYPES_H 1
#define HAVE_STDINT_H 1
#define HAVE_UNISTD_H 1
#define HAVE_GD_H 1
#define HAVE_PNG_H 1

configure: exit 0
